[ 2025-04-15 18:09:18,597 ] 28 root - INFO - Entered the data ingestion method or component
[ 2025-04-15 18:09:18,697 ] 31 root - INFO - Read the dataset as dataframe
[ 2025-04-15 18:09:19,161 ] 37 root - INFO - Train test split initiated
[ 2025-04-15 18:09:19,647 ] 44 root - INFO - Ingestion of the data is completed
[ 2025-04-15 18:09:19,813 ] 73 root - INFO - Read train and test data completed
[ 2025-04-15 18:09:19,815 ] 74 root - INFO - Train DataFrame shape: (98112, 7)
[ 2025-04-15 18:09:19,815 ] 75 root - INFO - Test DataFrame shape: (24528, 7)
[ 2025-04-15 18:09:19,815 ] 77 root - INFO - Obtaining preprocessing object
[ 2025-04-15 18:09:19,815 ] 51 root - INFO - Categorical columns: ['Source_Type', 'Destination_Type', 'Protocol']
[ 2025-04-15 18:09:19,820 ] 52 root - INFO - Numerical columns: ['Time', 'Length', 'No.']
[ 2025-04-15 18:09:19,849 ] 103 root - INFO - Applying preprocessing object on training dataframe and testing dataframe.
[ 2025-04-15 18:09:20,023 ] 116 root - INFO - Input features type: <class 'scipy.sparse._csr.csr_matrix'>
[ 2025-04-15 18:09:20,023 ] 117 root - INFO - Target type: <class 'numpy.ndarray'>
[ 2025-04-15 18:09:20,033 ] 123 root - INFO - Converted sparse matrix to dense array
[ 2025-04-15 18:09:20,033 ] 126 root - INFO - Final train features shape: (98112, 29)
[ 2025-04-15 18:09:20,033 ] 127 root - INFO - Final train target shape: (98112, 1)
[ 2025-04-15 18:09:20,044 ] 139 root - INFO - Combined train array shape: (98112, 30)
[ 2025-04-15 18:09:20,044 ] 140 root - INFO - Combined test array shape: (24528, 30)
[ 2025-04-15 18:09:20,044 ] 142 root - INFO - Saved preprocessing object.
[ 2025-04-15 18:09:20,054 ] 32 root - INFO - Split training and test input data
[ 2025-04-15 19:12:29,341 ] 93 root - INFO - Best found model on both training and testing dataset
[ 2025-04-15 19:12:29,357 ] 101 root - INFO - Best Model: Decision Tree
[ 2025-04-15 19:12:29,357 ] 102 root - INFO - Best Model CV Accuracy: 0.9922
[ 2025-04-15 19:12:29,357 ] 103 root - INFO - Best Model Test Accuracy: 0.9938
