[ 2025-04-15 18:07:17,347 ] 28 root - INFO - Entered the data ingestion method or component
[ 2025-04-15 18:07:17,463 ] 31 root - INFO - Read the dataset as dataframe
[ 2025-04-15 18:07:17,809 ] 37 root - INFO - Train test split initiated
[ 2025-04-15 18:07:18,199 ] 44 root - INFO - Ingestion of the data is completed
[ 2025-04-15 18:07:18,380 ] 73 root - INFO - Read train and test data completed
[ 2025-04-15 18:07:18,380 ] 74 root - INFO - Train DataFrame shape: (98112, 7)
[ 2025-04-15 18:07:18,380 ] 75 root - INFO - Test DataFrame shape: (24528, 7)
[ 2025-04-15 18:07:18,380 ] 77 root - INFO - Obtaining preprocessing object
[ 2025-04-15 18:07:18,380 ] 51 root - INFO - Categorical columns: ['Source_Type', 'Destination_Type', 'Protocol']
[ 2025-04-15 18:07:18,401 ] 52 root - INFO - Numerical columns: ['Time', 'Length', 'No.']
[ 2025-04-15 18:07:18,427 ] 103 root - INFO - Applying preprocessing object on training dataframe and testing dataframe.
[ 2025-04-15 18:07:18,605 ] 116 root - INFO - Input features type: <class 'scipy.sparse._csr.csr_matrix'>
[ 2025-04-15 18:07:18,605 ] 117 root - INFO - Target type: <class 'numpy.ndarray'>
[ 2025-04-15 18:07:18,605 ] 123 root - INFO - Converted sparse matrix to dense array
[ 2025-04-15 18:07:18,605 ] 126 root - INFO - Final train features shape: (98112, 29)
[ 2025-04-15 18:07:18,605 ] 127 root - INFO - Final train target shape: (98112, 1)
[ 2025-04-15 18:07:18,627 ] 139 root - INFO - Combined train array shape: (98112, 30)
[ 2025-04-15 18:07:18,627 ] 140 root - INFO - Combined test array shape: (24528, 30)
[ 2025-04-15 18:07:18,627 ] 142 root - INFO - Saved preprocessing object.
[ 2025-04-15 18:07:18,629 ] 32 root - INFO - Split training and test input data
